This file contains any messages produced by compilers while
running configure, to aid debugging if configure makes a mistake.

It was created by configure, which was
generated by GNU Autoconf 2.69.  Invocation command line was

  $ ./configure 

## --------- ##
## Platform. ##
## --------- ##

hostname = HYG-MAC.local
uname -m = x86_64
uname -r = 13.4.0
uname -s = Darwin
uname -v = Darwin Kernel Version 13.4.0: Sun Aug 17 19:50:11 PDT 2014; root:xnu-2422.115.4~1/RELEASE_X86_64

/usr/bin/uname -p = i386
/bin/uname -X     = unknown

/bin/arch              = unknown
/usr/bin/arch -k       = unknown
/usr/convex/getsysinfo = unknown
/usr/bin/hostinfo      = Mach kernel version:
	 Darwin Kernel Version 13.4.0: Sun Aug 17 19:50:11 PDT 2014; root:xnu-2422.115.4~1/RELEASE_X86_64
Kernel configured for up to 8 processors.
4 processors are physically available.
8 processors are logically available.
Processor type: i486 (Intel 80486)
Processors active: 0 1 2 3 4 5 6 7
Primary memory available: 8.00 gigabytes
Default processor set: 200 tasks, 1413 threads, 8 processors
Load average: 2.16, Mach factor: 5.83
/bin/machine           = unknown
/usr/bin/oslevel       = unknown
/bin/universe          = unknown

PATH: /usr/local/bin
PATH: /opt/local/sbin
PATH: /opt/local/bin
PATH: /usr/local/Cellar/php54/5.4.33/bin
PATH: /usr/local/Cellar/php54/5.4.33/sbin
PATH: /usr/bin
PATH: /bin
PATH: /usr/sbin
PATH: /sbin
PATH: /usr/local/bin
PATH: /opt/X11/bin
PATH: /Users/hyg/bin
PATH: .
PATH: /Users/hyg/weipai_cmd
PATH: /etc/ppp


## ----------- ##
## Core tests. ##
## ----------- ##

configure:2185: checking build system type
configure:2199: result: i386-apple-darwin13.4.0
configure:2219: checking host system type
configure:2232: result: i386-apple-darwin13.4.0
configure:2252: checking target system type
configure:2265: result: i386-apple-darwin13.4.0
configure:2352: checking for gcc
configure:2368: found /usr/bin/gcc
configure:2379: result: gcc
configure:2608: checking for C compiler version
configure:2617: gcc --version >&5
Apple LLVM version 6.0 (clang-600.0.54) (based on LLVM 3.5svn)
Target: x86_64-apple-darwin13.4.0
Thread model: posix
Configured with: --prefix=/Applications/Xcode.app/Contents/Developer/usr --with-gxx-include-dir=/usr/include/c++/4.2.1
configure:2628: $? = 0
configure:2617: gcc -v >&5
Configured with: --prefix=/Applications/Xcode.app/Contents/Developer/usr --with-gxx-include-dir=/usr/include/c++/4.2.1
Apple LLVM version 6.0 (clang-600.0.54) (based on LLVM 3.5svn)
Target: x86_64-apple-darwin13.4.0
Thread model: posix
configure:2628: $? = 0
configure:2617: gcc -V >&5
clang: error: argument to '-V' is missing (expected 1 value)
clang: error: no input files
configure:2628: $? = 1
configure:2617: gcc -qversion >&5
clang: error: unknown argument: '-qversion'
clang: error: no input files
configure:2628: $? = 1
configure:2648: checking whether the C compiler works
configure:2670: gcc    conftest.c  >&5
configure:2674: $? = 0
configure:2722: result: yes
configure:2725: checking for C compiler default output file name
configure:2727: result: a.out
configure:2733: checking for suffix of executables
configure:2740: gcc -o conftest    conftest.c  >&5
configure:2744: $? = 0
configure:2766: result: 
configure:2788: checking whether we are cross compiling
configure:2796: gcc -o conftest    conftest.c  >&5
configure:2800: $? = 0
configure:2807: ./conftest
configure:2811: $? = 0
configure:2826: result: no
configure:2831: checking for suffix of object files
configure:2853: gcc -c   conftest.c >&5
configure:2857: $? = 0
configure:2878: result: o
configure:2882: checking whether we are using the GNU C compiler
configure:2901: gcc -c   conftest.c >&5
configure:2901: $? = 0
configure:2910: result: yes
configure:2919: checking whether gcc accepts -g
configure:2939: gcc -c -g  conftest.c >&5
configure:2939: $? = 0
configure:2980: result: yes
configure:2997: checking for gcc option to accept ISO C89
configure:3060: gcc  -c -g -O2  conftest.c >&5
configure:3060: $? = 0
configure:3073: result: none needed
configure:3136: checking for ranlib
configure:3152: found /opt/local/bin/ranlib
configure:3163: result: ranlib
configure:3199: checking for a BSD-compatible install
configure:3267: result: /usr/local/bin/ginstall -c
configure:3285: checking how to run the C preprocessor
configure:3316: gcc -E  conftest.c
configure:3316: $? = 0
configure:3330: gcc -E  conftest.c
conftest.c:9:10: fatal error: 'ac_nonexistent.h' file not found
#include <ac_nonexistent.h>
         ^
1 error generated.
configure:3330: $? = 1
configure: failed program was:
| /* confdefs.h */
| #define PACKAGE_NAME ""
| #define PACKAGE_TARNAME ""
| #define PACKAGE_VERSION ""
| #define PACKAGE_STRING ""
| #define PACKAGE_BUGREPORT ""
| #define PACKAGE_URL ""
| /* end confdefs.h.  */
| #include <ac_nonexistent.h>
configure:3355: result: gcc -E
configure:3375: gcc -E  conftest.c
configure:3375: $? = 0
configure:3389: gcc -E  conftest.c
conftest.c:9:10: fatal error: 'ac_nonexistent.h' file not found
#include <ac_nonexistent.h>
         ^
1 error generated.
configure:3389: $? = 1
configure: failed program was:
| /* confdefs.h */
| #define PACKAGE_NAME ""
| #define PACKAGE_TARNAME ""
| #define PACKAGE_VERSION ""
| #define PACKAGE_STRING ""
| #define PACKAGE_BUGREPORT ""
| #define PACKAGE_URL ""
| /* end confdefs.h.  */
| #include <ac_nonexistent.h>
configure:3418: checking for grep that handles long lines and -e
configure:3476: result: /usr/bin/grep
configure:3481: checking for egrep
configure:3543: result: /usr/bin/grep -E
configure:3548: checking for ANSI C header files
configure:3568: gcc -c -g -O2  conftest.c >&5
configure:3568: $? = 0
configure:3641: gcc -o conftest -g -O2   conftest.c  >&5
configure:3641: $? = 0
configure:3641: ./conftest
configure:3641: $? = 0
configure:3652: result: yes
configure:3665: checking for sys/types.h
configure:3665: gcc -c -g -O2  conftest.c >&5
configure:3665: $? = 0
configure:3665: result: yes
configure:3665: checking for sys/stat.h
configure:3665: gcc -c -g -O2  conftest.c >&5
configure:3665: $? = 0
configure:3665: result: yes
configure:3665: checking for stdlib.h
configure:3665: gcc -c -g -O2  conftest.c >&5
configure:3665: $? = 0
configure:3665: result: yes
configure:3665: checking for string.h
configure:3665: gcc -c -g -O2  conftest.c >&5
configure:3665: $? = 0
configure:3665: result: yes
configure:3665: checking for memory.h
configure:3665: gcc -c -g -O2  conftest.c >&5
configure:3665: $? = 0
configure:3665: result: yes
configure:3665: checking for strings.h
configure:3665: gcc -c -g -O2  conftest.c >&5
configure:3665: $? = 0
configure:3665: result: yes
configure:3665: checking for inttypes.h
configure:3665: gcc -c -g -O2  conftest.c >&5
configure:3665: $? = 0
configure:3665: result: yes
configure:3665: checking for stdint.h
configure:3665: gcc -c -g -O2  conftest.c >&5
configure:3665: $? = 0
configure:3665: result: yes
configure:3665: checking for unistd.h
configure:3665: gcc -c -g -O2  conftest.c >&5
configure:3665: $? = 0
configure:3665: result: yes
configure:3680: checking sys/time.h usability
configure:3680: gcc -c -g -O2  conftest.c >&5
configure:3680: $? = 0
configure:3680: result: yes
configure:3680: checking sys/time.h presence
configure:3680: gcc -E  conftest.c
configure:3680: $? = 0
configure:3680: result: yes
configure:3680: checking for sys/time.h
configure:3680: result: yes
configure:3680: checking syslog.h usability
configure:3680: gcc -c -g -O2  conftest.c >&5
configure:3680: $? = 0
configure:3680: result: yes
configure:3680: checking syslog.h presence
configure:3680: gcc -E  conftest.c
configure:3680: $? = 0
configure:3680: result: yes
configure:3680: checking for syslog.h
configure:3680: result: yes
configure:3680: checking for unistd.h
configure:3680: result: yes
configure:3691: checking for an ANSI C-conforming const
configure:3757: gcc -c -g -O2  conftest.c >&5
configure:3757: $? = 0
configure:3764: result: yes
configure:3772: checking for inline
configure:3788: gcc -c -g -O2  conftest.c >&5
configure:3788: $? = 0
configure:3796: result: inline
configure:3814: checking whether time.h and sys/time.h may both be included
configure:3834: gcc -c -g -O2  conftest.c >&5
configure:3834: $? = 0
configure:3841: result: yes
configure:3849: checking whether byte ordering is bigendian
configure:3864: gcc -c -g -O2  conftest.c >&5
configure:3864: $? = 0
configure:3909: gcc -c -g -O2  conftest.c >&5
configure:3909: $? = 0
configure:3927: gcc -c -g -O2  conftest.c >&5
conftest.c:30:4: error: use of undeclared identifier 'not'
                 not big endian
                 ^
1 error generated.
configure:3927: $? = 1
configure: failed program was:
| /* confdefs.h */
| #define PACKAGE_NAME ""
| #define PACKAGE_TARNAME ""
| #define PACKAGE_VERSION ""
| #define PACKAGE_STRING ""
| #define PACKAGE_BUGREPORT ""
| #define PACKAGE_URL ""
| #define STDC_HEADERS 1
| #define HAVE_SYS_TYPES_H 1
| #define HAVE_SYS_STAT_H 1
| #define HAVE_STDLIB_H 1
| #define HAVE_STRING_H 1
| #define HAVE_MEMORY_H 1
| #define HAVE_STRINGS_H 1
| #define HAVE_INTTYPES_H 1
| #define HAVE_STDINT_H 1
| #define HAVE_UNISTD_H 1
| #define HAVE_SYS_TIME_H 1
| #define HAVE_SYSLOG_H 1
| #define HAVE_UNISTD_H 1
| #define TIME_WITH_SYS_TIME 1
| /* end confdefs.h.  */
| #include <sys/types.h>
| 		#include <sys/param.h>
| 
| int
| main ()
| {
| #if BYTE_ORDER != BIG_ENDIAN
| 		 not big endian
| 		#endif
| 
|   ;
|   return 0;
| }
configure:4055: result: no
configure:4077: checking for gettimeofday
configure:4077: gcc -o conftest -g -O2 -D_BSD_SOURCE   conftest.c  >&5
configure:4077: $? = 0
configure:4077: result: yes
configure:4086: checking for socket in -lsocket
configure:4111: gcc -o conftest -g -O2 -D_BSD_SOURCE   conftest.c -lsocket   >&5
ld: library not found for -lsocket
clang: error: linker command failed with exit code 1 (use -v to see invocation)
configure:4111: $? = 1
configure: failed program was:
| /* confdefs.h */
| #define PACKAGE_NAME ""
| #define PACKAGE_TARNAME ""
| #define PACKAGE_VERSION ""
| #define PACKAGE_STRING ""
| #define PACKAGE_BUGREPORT ""
| #define PACKAGE_URL ""
| #define STDC_HEADERS 1
| #define HAVE_SYS_TYPES_H 1
| #define HAVE_SYS_STAT_H 1
| #define HAVE_STDLIB_H 1
| #define HAVE_STRING_H 1
| #define HAVE_MEMORY_H 1
| #define HAVE_STRINGS_H 1
| #define HAVE_INTTYPES_H 1
| #define HAVE_STDINT_H 1
| #define HAVE_UNISTD_H 1
| #define HAVE_SYS_TIME_H 1
| #define HAVE_SYSLOG_H 1
| #define HAVE_UNISTD_H 1
| #define TIME_WITH_SYS_TIME 1
| #define HAVE_GETTIMEOFDAY 1
| /* end confdefs.h.  */
| 
| /* Override any GCC internal prototype to avoid an error.
|    Use char because int might match the return type of a GCC
|    builtin and then its argument prototype would still apply.  */
| #ifdef __cplusplus
| extern "C"
| #endif
| char socket ();
| int
| main ()
| {
| return socket ();
|   ;
|   return 0;
| }
configure:4120: result: no
configure:4131: checking for gethostbyname in -lnsl
configure:4156: gcc -o conftest -g -O2 -D_BSD_SOURCE   conftest.c -lnsl   >&5
ld: library not found for -lnsl
clang: error: linker command failed with exit code 1 (use -v to see invocation)
configure:4156: $? = 1
configure: failed program was:
| /* confdefs.h */
| #define PACKAGE_NAME ""
| #define PACKAGE_TARNAME ""
| #define PACKAGE_VERSION ""
| #define PACKAGE_STRING ""
| #define PACKAGE_BUGREPORT ""
| #define PACKAGE_URL ""
| #define STDC_HEADERS 1
| #define HAVE_SYS_TYPES_H 1
| #define HAVE_SYS_STAT_H 1
| #define HAVE_STDLIB_H 1
| #define HAVE_STRING_H 1
| #define HAVE_MEMORY_H 1
| #define HAVE_STRINGS_H 1
| #define HAVE_INTTYPES_H 1
| #define HAVE_STDINT_H 1
| #define HAVE_UNISTD_H 1
| #define HAVE_SYS_TIME_H 1
| #define HAVE_SYSLOG_H 1
| #define HAVE_UNISTD_H 1
| #define TIME_WITH_SYS_TIME 1
| #define HAVE_GETTIMEOFDAY 1
| /* end confdefs.h.  */
| 
| /* Override any GCC internal prototype to avoid an error.
|    Use char because int might match the return type of a GCC
|    builtin and then its argument prototype would still apply.  */
| #ifdef __cplusplus
| extern "C"
| #endif
| char gethostbyname ();
| int
| main ()
| {
| return gethostbyname ();
|   ;
|   return 0;
| }
configure:4165: result: no
configure:4191: checking for libpcap
configure:4249: result: yes
configure:4319: checking for pkg-config
configure:4337: found /usr/local/bin/pkg-config
configure:4349: result: /usr/local/bin/pkg-config
configure:4374: checking pkg-config is at least version 0.9.0
configure:4377: result: yes
configure:4387: checking for GLIB
configure:4394: $PKG_CONFIG --exists --print-errors "glib-2.0 >= 2.2.0"
configure:4397: $? = 0
configure:4411: $PKG_CONFIG --exists --print-errors "glib-2.0 >= 2.2.0"
configure:4414: $? = 0
configure:4472: result: yes
configure:4477: checking for GTHREAD
configure:4484: $PKG_CONFIG --exists --print-errors "gthread-2.0 >= 2.2.0"
configure:4487: $? = 0
configure:4501: $PKG_CONFIG --exists --print-errors "gthread-2.0 >= 2.2.0"
configure:4504: $? = 0
configure:4562: result: yes
configure:4566: checking for g_thread_init in -lgthread-2.0
configure:4591: gcc -o conftest -g -O2 -D_BSD_SOURCE   conftest.c -lgthread-2.0 -L/usr/local/Cellar/glib/2.42.0/lib -L/usr/local/opt/gettext/lib -lgthread-2.0 -lglib-2.0 -lintl   >&5
configure:4591: $? = 0
configure:4600: result: yes
configure:4618: checking for libnet
configure:4703: gcc -o conftest -g -O2 -D_BSD_SOURCE -I/usr/local/include -DHAVE_SOCKADDR_SA_LEN -DLIBNET_BSDISH_OS -DLIBNET_BSD_BYTE_SWAP   conftest.c -L/usr/local/lib -lnet -lgthread-2.0  >&5
configure:4703: $? = 0
configure:4714: result: yes
configure:4726: checking whether to build shared library
configure:4745: result: no
configure:4752: checking the name of struct icmp
configure:4768: gcc -c -g -O2 -D_BSD_SOURCE  conftest.c >&5
conftest.c:32:16: error: variable has incomplete type 'struct icmphdr'
struct icmphdr h;int c=h.type
               ^
conftest.c:32:8: note: forward declaration of 'struct icmphdr'
struct icmphdr h;int c=h.type
       ^
1 error generated.
configure:4768: $? = 1
configure: failed program was:
| /* confdefs.h */
| #define PACKAGE_NAME ""
| #define PACKAGE_TARNAME ""
| #define PACKAGE_VERSION ""
| #define PACKAGE_STRING ""
| #define PACKAGE_BUGREPORT ""
| #define PACKAGE_URL ""
| #define STDC_HEADERS 1
| #define HAVE_SYS_TYPES_H 1
| #define HAVE_SYS_STAT_H 1
| #define HAVE_STDLIB_H 1
| #define HAVE_STRING_H 1
| #define HAVE_MEMORY_H 1
| #define HAVE_STRINGS_H 1
| #define HAVE_INTTYPES_H 1
| #define HAVE_STDINT_H 1
| #define HAVE_UNISTD_H 1
| #define HAVE_SYS_TIME_H 1
| #define HAVE_SYSLOG_H 1
| #define HAVE_UNISTD_H 1
| #define TIME_WITH_SYS_TIME 1
| #define HAVE_GETTIMEOFDAY 1
| #define HAVE_LIBGTHREAD_2_0 1
| /* end confdefs.h.  */
| #include <sys/types.h>
| #include <netinet/in.h>
| #include <netinet/ip.h>
| #include <netinet/ip_icmp.h>
| int
| main ()
| {
| struct icmphdr h;int c=h.type
|   ;
|   return 0;
| }
configure:4777: result: struct icmp
configure:4780: checking if tcp states are defined
configure:4795: gcc -c -g -O2 -D_BSD_SOURCE  conftest.c >&5
conftest.c:31:7: error: use of undeclared identifier 'TCP_ESTABLISHED'
int c=TCP_ESTABLISHED
      ^
1 error generated.
configure:4795: $? = 1
configure: failed program was:
| /* confdefs.h */
| #define PACKAGE_NAME ""
| #define PACKAGE_TARNAME ""
| #define PACKAGE_VERSION ""
| #define PACKAGE_STRING ""
| #define PACKAGE_BUGREPORT ""
| #define PACKAGE_URL ""
| #define STDC_HEADERS 1
| #define HAVE_SYS_TYPES_H 1
| #define HAVE_SYS_STAT_H 1
| #define HAVE_STDLIB_H 1
| #define HAVE_STRING_H 1
| #define HAVE_MEMORY_H 1
| #define HAVE_STRINGS_H 1
| #define HAVE_INTTYPES_H 1
| #define HAVE_STDINT_H 1
| #define HAVE_UNISTD_H 1
| #define HAVE_SYS_TIME_H 1
| #define HAVE_SYSLOG_H 1
| #define HAVE_UNISTD_H 1
| #define TIME_WITH_SYS_TIME 1
| #define HAVE_GETTIMEOFDAY 1
| #define HAVE_LIBGTHREAD_2_0 1
| /* end confdefs.h.  */
| #include <sys/types.h>
| #include <netinet/in.h>
| #include <netinet/tcp.h>
| int
| main ()
| {
| int c=TCP_ESTABLISHED
|   ;
|   return 0;
| }
configure:4804: result: no
configure:4808: checking for bsd-ish struct udphdr
configure:4823: gcc -c -g -O2 -D_BSD_SOURCE  conftest.c >&5
configure:4823: $? = 0
configure:4831: result: yes
configure:4838: checking libnet version
configure:4851: gcc -c -g -O2 -D_BSD_SOURCE -I/usr/local/include -DHAVE_SOCKADDR_SA_LEN -DLIBNET_BSDISH_OS -DLIBNET_BSD_BYTE_SWAP  conftest.c >&5
configure:4851: $? = 0
configure:4859: result: looks new
configure:4982: creating ./config.status

## ---------------------- ##
## Running config.status. ##
## ---------------------- ##

This file was extended by config.status, which was
generated by GNU Autoconf 2.69.  Invocation command line was

  CONFIG_FILES    = 
  CONFIG_HEADERS  = 
  CONFIG_LINKS    = 
  CONFIG_COMMANDS = 
  $ ./config.status 

on HYG-MAC.local

config.status:838: creating Makefile
config.status:838: creating src/Makefile
config.status:941: WARNING:  'src/Makefile.in' seems to ignore the --datarootdir setting
config.status:838: creating samples/Makefile
config.status:838: creating src/config.h
config.status:1013: src/config.h is unchanged

## ---------------- ##
## Cache variables. ##
## ---------------- ##

ac_cv_build=i386-apple-darwin13.4.0
ac_cv_c_bigendian=no
ac_cv_c_compiler_gnu=yes
ac_cv_c_const=yes
ac_cv_c_inline=inline
ac_cv_env_CC_set=
ac_cv_env_CC_value=
ac_cv_env_CFLAGS_set=
ac_cv_env_CFLAGS_value=
ac_cv_env_CPPFLAGS_set=
ac_cv_env_CPPFLAGS_value=
ac_cv_env_CPP_set=
ac_cv_env_CPP_value=
ac_cv_env_GLIB_CFLAGS_set=
ac_cv_env_GLIB_CFLAGS_value=
ac_cv_env_GLIB_LIBS_set=
ac_cv_env_GLIB_LIBS_value=
ac_cv_env_GTHREAD_CFLAGS_set=
ac_cv_env_GTHREAD_CFLAGS_value=
ac_cv_env_GTHREAD_LIBS_set=
ac_cv_env_GTHREAD_LIBS_value=
ac_cv_env_LDFLAGS_set=
ac_cv_env_LDFLAGS_value=
ac_cv_env_LIBS_set=
ac_cv_env_LIBS_value=
ac_cv_env_PKG_CONFIG_LIBDIR_set=
ac_cv_env_PKG_CONFIG_LIBDIR_value=
ac_cv_env_PKG_CONFIG_PATH_set=
ac_cv_env_PKG_CONFIG_PATH_value=
ac_cv_env_PKG_CONFIG_set=
ac_cv_env_PKG_CONFIG_value=
ac_cv_env_build_alias_set=
ac_cv_env_build_alias_value=
ac_cv_env_host_alias_set=
ac_cv_env_host_alias_value=
ac_cv_env_target_alias_set=
ac_cv_env_target_alias_value=
ac_cv_func_gettimeofday=yes
ac_cv_header_inttypes_h=yes
ac_cv_header_memory_h=yes
ac_cv_header_stdc=yes
ac_cv_header_stdint_h=yes
ac_cv_header_stdlib_h=yes
ac_cv_header_string_h=yes
ac_cv_header_strings_h=yes
ac_cv_header_sys_stat_h=yes
ac_cv_header_sys_time_h=yes
ac_cv_header_sys_types_h=yes
ac_cv_header_syslog_h=yes
ac_cv_header_time=yes
ac_cv_header_unistd_h=yes
ac_cv_host=i386-apple-darwin13.4.0
ac_cv_lbl_unaligned_fail=no
ac_cv_lib_gthread_2_0_g_thread_init=yes
ac_cv_lib_nsl_gethostbyname=no
ac_cv_lib_socket_socket=no
ac_cv_objext=o
ac_cv_path_EGREP='/usr/bin/grep -E'
ac_cv_path_GREP=/usr/bin/grep
ac_cv_path_ac_pt_PKG_CONFIG=/usr/local/bin/pkg-config
ac_cv_path_install='/usr/local/bin/ginstall -c'
ac_cv_prog_CPP='gcc -E'
ac_cv_prog_ac_ct_CC=gcc
ac_cv_prog_ac_ct_RANLIB=ranlib
ac_cv_prog_cc_c89=
ac_cv_prog_cc_g=yes
ac_cv_target=i386-apple-darwin13.4.0
pkg_cv_GLIB_CFLAGS='-I/usr/local/Cellar/glib/2.42.0/include/glib-2.0 -I/usr/local/Cellar/glib/2.42.0/lib/glib-2.0/include -I/usr/local/opt/gettext/include '
pkg_cv_GLIB_LIBS='-L/usr/local/Cellar/glib/2.42.0/lib -L/usr/local/opt/gettext/lib -lglib-2.0 -lintl '
pkg_cv_GTHREAD_CFLAGS='-D_REENTRANT -I/usr/local/Cellar/glib/2.42.0/include/glib-2.0 -I/usr/local/Cellar/glib/2.42.0/lib/glib-2.0/include -I/usr/local/opt/gettext/include '
pkg_cv_GTHREAD_LIBS='-L/usr/local/Cellar/glib/2.42.0/lib -L/usr/local/opt/gettext/lib -lgthread-2.0 -lglib-2.0 -lintl '

## ----------------- ##
## Output variables. ##
## ----------------- ##

BUILD_SHARED=''
CC='gcc'
CFLAGS='-g -O2 -D_BSD_SOURCE'
CPP='gcc -E'
CPPFLAGS=''
DEFS='-DHAVE_CONFIG_H'
ECHO_C='\c'
ECHO_N=''
ECHO_T=''
EGREP='/usr/bin/grep -E'
EXEEXT=''
GLIB_CFLAGS='-I/usr/local/Cellar/glib/2.42.0/include/glib-2.0 -I/usr/local/Cellar/glib/2.42.0/lib/glib-2.0/include -I/usr/local/opt/gettext/include '
GLIB_LIBS='-L/usr/local/Cellar/glib/2.42.0/lib -L/usr/local/opt/gettext/lib -lglib-2.0 -lintl '
GREP='/usr/bin/grep'
GTHREAD_CFLAGS='-D_REENTRANT -I/usr/local/Cellar/glib/2.42.0/include/glib-2.0 -I/usr/local/Cellar/glib/2.42.0/lib/glib-2.0/include -I/usr/local/opt/gettext/include '
GTHREAD_LIBS='-L/usr/local/Cellar/glib/2.42.0/lib -L/usr/local/opt/gettext/lib -lgthread-2.0 -lglib-2.0 -lintl '
HAVE_BSD_UDPHDR='1'
ICMPHEADER='0'
INSTALL_DATA='${INSTALL} -m 644'
INSTALL_PROGRAM='${INSTALL}'
INSTALL_SCRIPT='${INSTALL}'
LDFLAGS=''
LIBNET_VER='1'
LIBOBJS=''
LIBS='-lgthread-2.0 '
LNETLIB='-lnet'
LNET_CFLAGS='-I/usr/local/include -DHAVE_SOCKADDR_SA_LEN -DLIBNET_BSDISH_OS -DLIBNET_BSD_BYTE_SWAP'
LTLIBOBJS=''
OBJEXT='o'
PACKAGE_BUGREPORT=''
PACKAGE_NAME=''
PACKAGE_STRING=''
PACKAGE_TARNAME=''
PACKAGE_URL=''
PACKAGE_VERSION=''
PATH_SEPARATOR=':'
PCAPLIB='-lpcap'
PCAP_CFLAGS='-I/usr/include/pcap'
PKG_CONFIG='/usr/local/bin/pkg-config'
PKG_CONFIG_LIBDIR=''
PKG_CONFIG_PATH=''
RANLIB='ranlib'
SHELL='/bin/sh'
TCPSTATES='0'
ac_ct_CC='gcc'
bindir='${exec_prefix}/bin'
build='i386-apple-darwin13.4.0'
build_alias=''
build_cpu='i386'
build_os='darwin13.4.0'
build_vendor='apple'
datadir='${datarootdir}'
datarootdir='${prefix}/share'
docdir='${datarootdir}/doc/${PACKAGE}'
dvidir='${docdir}'
exec_prefix='/usr/local'
host='i386-apple-darwin13.4.0'
host_alias=''
host_cpu='i386'
host_os='darwin13.4.0'
host_vendor='apple'
htmldir='${docdir}'
includedir='${prefix}/include'
infodir='${datarootdir}/info'
libdir='${exec_prefix}/lib'
libexecdir='${exec_prefix}/libexec'
localedir='${datarootdir}/locale'
localstatedir='${prefix}/var'
mandir='${datarootdir}/man'
oldincludedir='/usr/include'
pdfdir='${docdir}'
prefix='/usr/local'
program_transform_name='s,x,x,'
psdir='${docdir}'
sbindir='${exec_prefix}/sbin'
sharedstatedir='${prefix}/com'
sysconfdir='${prefix}/etc'
target='i386-apple-darwin13.4.0'
target_alias=''
target_cpu='i386'
target_os='darwin13.4.0'
target_vendor='apple'

## ----------- ##
## confdefs.h. ##
## ----------- ##

/* confdefs.h */
#define PACKAGE_NAME ""
#define PACKAGE_TARNAME ""
#define PACKAGE_VERSION ""
#define PACKAGE_STRING ""
#define PACKAGE_BUGREPORT ""
#define PACKAGE_URL ""
#define STDC_HEADERS 1
#define HAVE_SYS_TYPES_H 1
#define HAVE_SYS_STAT_H 1
#define HAVE_STDLIB_H 1
#define HAVE_STRING_H 1
#define HAVE_MEMORY_H 1
#define HAVE_STRINGS_H 1
#define HAVE_INTTYPES_H 1
#define HAVE_STDINT_H 1
#define HAVE_UNISTD_H 1
#define HAVE_SYS_TIME_H 1
#define HAVE_SYSLOG_H 1
#define HAVE_UNISTD_H 1
#define TIME_WITH_SYS_TIME 1
#define HAVE_GETTIMEOFDAY 1
#define HAVE_LIBGTHREAD_2_0 1

configure: exit 0
